21-Sep-2022 14:36:41 INFO - Bootstrapping Spring Data JPA repositories in DEFAULT mode.
21-Sep-2022 14:36:41 INFO - Finished Spring Data repository scanning in 96 ms. Found 2 JPA repository interfaces.
21-Sep-2022 14:36:42 INFO - Tomcat initialized with port(s): 8080 (http)
21-Sep-2022 14:36:42 INFO - Initializing ProtocolHandler ["http-nio-8080"]
21-Sep-2022 14:36:42 INFO - Starting service [Tomcat]
21-Sep-2022 14:36:42 INFO - Starting Servlet engine: [Apache Tomcat/9.0.65]
21-Sep-2022 14:36:42 INFO - Initializing Spring embedded WebApplicationContext
21-Sep-2022 14:36:42 INFO - Root WebApplicationContext: initialization completed in 1186 ms
21-Sep-2022 14:36:42 INFO - HHH000204: Processing PersistenceUnitInfo [name: default]
21-Sep-2022 14:36:42 INFO - HHH000412: Hibernate ORM core version 5.6.10.Final
21-Sep-2022 14:36:42 INFO - HCANN000001: Hibernate Commons Annotations {5.1.2.Final}
21-Sep-2022 14:36:43 INFO - HHH000400: Using dialect: org.hibernate.dialect.PostgreSQL10Dialect
21-Sep-2022 14:36:43 INFO - HHH000490: Using JtaPlatform implementation: [org.hibernate.engine.transaction.jta.platform.internal.NoJtaPlatform]
21-Sep-2022 14:36:43 INFO - Initialized JPA EntityManagerFactory for persistence unit 'default'
21-Sep-2022 14:36:44 WARN - spring.jpa.open-in-view is enabled by default. Therefore, database queries may be performed during view rendering. Explicitly configure spring.jpa.open-in-view to disable this warning
21-Sep-2022 14:36:44 INFO - Starting ProtocolHandler ["http-nio-8080"]
21-Sep-2022 14:36:44 INFO - Tomcat started on port(s): 8080 (http) with context path ''
21-Sep-2022 14:37:42 INFO - Initializing Spring DispatcherServlet 'dispatcherServlet'
21-Sep-2022 14:37:42 INFO - Initializing Servlet 'dispatcherServlet'
21-Sep-2022 14:37:42 INFO - Completed initialization in 0 ms
21-Sep-2022 14:51:53 INFO - Application shutdown requested.
21-Sep-2022 14:51:53 INFO - Pausing ProtocolHandler ["http-nio-8080"]
21-Sep-2022 14:51:53 INFO - Stopping service [Tomcat]
21-Sep-2022 14:51:53 INFO - Destroying Spring FrameworkServlet 'dispatcherServlet'
21-Sep-2022 14:51:53 INFO - Stopping ProtocolHandler ["http-nio-8080"]
21-Sep-2022 14:51:53 INFO - Destroying ProtocolHandler ["http-nio-8080"]
21-Sep-2022 14:51:53 INFO - Closing JPA EntityManagerFactory for persistence unit 'default'
21-Sep-2022 14:51:56 INFO - Bootstrapping Spring Data JPA repositories in DEFAULT mode.
21-Sep-2022 14:51:56 INFO - Finished Spring Data repository scanning in 141 ms. Found 2 JPA repository interfaces.
21-Sep-2022 14:51:56 INFO - Tomcat initialized with port(s): 9090 (http)
21-Sep-2022 14:51:56 INFO - Initializing ProtocolHandler ["http-nio-9090"]
21-Sep-2022 14:51:56 INFO - Starting service [Tomcat]
21-Sep-2022 14:51:56 INFO - Starting Servlet engine: [Apache Tomcat/9.0.65]
21-Sep-2022 14:51:56 INFO - Initializing Spring embedded WebApplicationContext
21-Sep-2022 14:51:56 INFO - Root WebApplicationContext: initialization completed in 1201 ms
21-Sep-2022 14:51:56 INFO - HHH000204: Processing PersistenceUnitInfo [name: default]
21-Sep-2022 14:51:56 INFO - HHH000412: Hibernate ORM core version 5.6.10.Final
21-Sep-2022 14:51:56 INFO - HCANN000001: Hibernate Commons Annotations {5.1.2.Final}
21-Sep-2022 14:51:57 INFO - HHH000400: Using dialect: org.hibernate.dialect.PostgreSQL10Dialect
21-Sep-2022 14:51:57 INFO - HHH000490: Using JtaPlatform implementation: [org.hibernate.engine.transaction.jta.platform.internal.NoJtaPlatform]
21-Sep-2022 14:51:57 INFO - Initialized JPA EntityManagerFactory for persistence unit 'default'
21-Sep-2022 14:51:57 WARN - spring.jpa.open-in-view is enabled by default. Therefore, database queries may be performed during view rendering. Explicitly configure spring.jpa.open-in-view to disable this warning
21-Sep-2022 14:51:58 INFO - Starting ProtocolHandler ["http-nio-9090"]
21-Sep-2022 14:51:58 INFO - Tomcat started on port(s): 9090 (http) with context path ''
25-Sep-2022 02:44:27 INFO - Neither @ContextConfiguration nor @ContextHierarchy found for test class [com.FirstSpringRestApplicationTests], using SpringBootContextLoader
25-Sep-2022 02:44:27 INFO - Could not detect default resource locations for test class [com.FirstSpringRestApplicationTests]: no resource found for suffixes {-context.xml, Context.groovy}.
25-Sep-2022 02:44:27 INFO - Could not detect default configuration classes for test class [com.FirstSpringRestApplicationTests]: FirstSpringRestApplicationTests does not declare any static, non-private, non-final, nested classes annotated with @Configuration.
25-Sep-2022 02:44:27 INFO - Found @SpringBootConfiguration com.FirstSpringRestApplication for test class com.FirstSpringRestApplicationTests
25-Sep-2022 02:44:28 INFO - Loaded default TestExecutionListener class names from location [META-INF/spring.factories]: [org.springframework.boot.test.mock.mockito.MockitoTestExecutionListener, org.springframework.boot.test.mock.mockito.ResetMocksTestExecutionListener, org.springframework.boot.test.autoconfigure.restdocs.RestDocsTestExecutionListener, org.springframework.boot.test.autoconfigure.web.client.MockRestServiceServerResetTestExecutionListener, org.springframework.boot.test.autoconfigure.web.servlet.MockMvcPrintOnlyOnFailureTestExecutionListener, org.springframework.boot.test.autoconfigure.web.servlet.WebDriverTestExecutionListener, org.springframework.boot.test.autoconfigure.webservices.client.MockWebServiceServerTestExecutionListener, org.springframework.test.context.web.ServletTestExecutionListener, org.springframework.test.context.support.DirtiesContextBeforeModesTestExecutionListener, org.springframework.test.context.event.ApplicationEventsTestExecutionListener, org.springframework.test.context.support.DependencyInjectionTestExecutionListener, org.springframework.test.context.support.DirtiesContextTestExecutionListener, org.springframework.test.context.transaction.TransactionalTestExecutionListener, org.springframework.test.context.jdbc.SqlScriptsTestExecutionListener, org.springframework.test.context.event.EventPublishingTestExecutionListener]
25-Sep-2022 02:44:28 INFO - Using TestExecutionListeners: [org.springframework.test.context.web.ServletTestExecutionListener@64040287, org.springframework.test.context.support.DirtiesContextBeforeModesTestExecutionListener@110844f6, org.springframework.test.context.event.ApplicationEventsTestExecutionListener@6f89f665, org.springframework.boot.test.mock.mockito.MockitoTestExecutionListener@df1cff6, org.springframework.boot.test.autoconfigure.SpringBootDependencyInjectionTestExecutionListener@4925f4f5, org.springframework.test.context.support.DirtiesContextTestExecutionListener@1ad926d3, org.springframework.test.context.transaction.TransactionalTestExecutionListener@3a43d133, org.springframework.test.context.jdbc.SqlScriptsTestExecutionListener@39ce27f2, org.springframework.test.context.event.EventPublishingTestExecutionListener@5f2afe62, org.springframework.boot.test.mock.mockito.ResetMocksTestExecutionListener@c96a4ea, org.springframework.boot.test.autoconfigure.restdocs.RestDocsTestExecutionListener@28782602, org.springframework.boot.test.autoconfigure.web.client.MockRestServiceServerResetTestExecutionListener@60c16548, org.springframework.boot.test.autoconfigure.web.servlet.MockMvcPrintOnlyOnFailureTestExecutionListener@68105edc, org.springframework.boot.test.autoconfigure.web.servlet.WebDriverTestExecutionListener@511816c0, org.springframework.boot.test.autoconfigure.webservices.client.MockWebServiceServerTestExecutionListener@38b972d7]
25-Sep-2022 02:44:29 INFO - Bootstrapping Spring Data JPA repositories in DEFAULT mode.
25-Sep-2022 02:44:29 INFO - Finished Spring Data repository scanning in 129 ms. Found 2 JPA repository interfaces.
25-Sep-2022 02:44:30 INFO - HHH000204: Processing PersistenceUnitInfo [name: default]
25-Sep-2022 02:44:30 INFO - HHH000412: Hibernate ORM core version 5.6.10.Final
25-Sep-2022 02:44:30 INFO - HCANN000001: Hibernate Commons Annotations {5.1.2.Final}
25-Sep-2022 02:44:31 INFO - HHH000400: Using dialect: org.hibernate.dialect.PostgreSQL10Dialect
25-Sep-2022 02:44:31 INFO - HHH000490: Using JtaPlatform implementation: [org.hibernate.engine.transaction.jta.platform.internal.NoJtaPlatform]
25-Sep-2022 02:44:31 INFO - Initialized JPA EntityManagerFactory for persistence unit 'default'
25-Sep-2022 02:44:32 WARN - spring.jpa.open-in-view is enabled by default. Therefore, database queries may be performed during view rendering. Explicitly configure spring.jpa.open-in-view to disable this warning
25-Sep-2022 02:44:33 INFO - Closing JPA EntityManagerFactory for persistence unit 'default'
